[2026-07-20 08:55:04][Command][haddock_push] Starting...
[2026-07-20 08:55:04][Command][haddock_push] Your branch is up to date with 'origin/main'.
[2026-07-20 08:55:04][Command][haddock_push] Already on 'main'
[2026-07-20 08:55:04][Command][haddock_push] Deleted branch gh-pages (was 0cb8dc0).
[2026-07-20 08:55:04][Command][haddock_push] Switched to a new branch 'gh-pages'
[2026-07-20 08:55:07][Command][haddock_push] Resolving dependencies...
[2026-07-20 08:55:10][Command][haddock_push] Build profile: -w ghc-9.12.3 -O1
[2026-07-20 08:55:10][Command][haddock_push] In order, the following will be built (use -v for more details):
[2026-07-20 08:55:10][Command][haddock_push]  - effects-env-0.1 (lib) (first run)
[2026-07-20 08:55:10][Command][haddock_push]  - effects-evaluate-0.1 (lib) (first run)
[2026-07-20 08:55:10][Command][haddock_push]  - effects-haskeline-0.1 (lib) (first run)
[2026-07-20 08:55:10][Command][haddock_push]  - effects-http-client-0.1 (lib) (first run)
[2026-07-20 08:55:10][Command][haddock_push]  - effects-ioref-0.1 (lib) (configuration changed)
[2026-07-20 08:55:10][Command][haddock_push]  - effects-optparse-0.1 (lib) (first run)
[2026-07-20 08:55:10][Command][haddock_push]  - effects-process-0.1 (lib) (ephemeral targets)
[2026-07-20 08:55:10][Command][haddock_push]  - effects-stm-0.1 (lib) (first run)
[2026-07-20 08:55:10][Command][haddock_push]  - effects-terminal-0.1 (lib) (first run)
[2026-07-20 08:55:10][Command][haddock_push]  - effects-thread-0.1 (lib) (ephemeral targets)
[2026-07-20 08:55:10][Command][haddock_push]  - effects-time-0.1 (lib) (ephemeral targets)
[2026-07-20 08:55:10][Command][haddock_push]  - effects-typed-process-0.1 (lib) (first run)
[2026-07-20 08:55:10][Command][haddock_push]  - effects-unix-0.1 (lib) (first run)
[2026-07-20 08:55:10][Command][haddock_push]  - effects-unix-compat-0.1 (lib) (first run)
[2026-07-20 08:55:10][Command][haddock_push]  - effects-fs-0.1 (lib) (configuration changed)
[2026-07-20 08:55:10][Command][haddock_push]  - effects-notify-0.1 (lib) (dependency rebuilt)
[2026-07-20 08:55:10][Command][haddock_push]  - effects-async-0.1 (lib) (dependency rebuilt)
[2026-07-20 08:55:10][Command][haddock_push]  - effects-logger-0.1 (lib) (dependency rebuilt)
[2026-07-20 08:55:10][Command][haddock_push] Configuring library for effects-ioref-0.1...
[2026-07-20 08:55:10][Command][haddock_push] Preprocessing library for effects-process-0.1...
[2026-07-20 08:55:10][Command][haddock_push] Building library for effects-process-0.1...
[2026-07-20 08:55:10][Command][haddock_push] Preprocessing library for effects-env-0.1...
[2026-07-20 08:55:10][Command][haddock_push] Running Haddock on library for effects-env-0.1...
[2026-07-20 08:55:10][Command][haddock_push] Preprocessing library for effects-evaluate-0.1...
[2026-07-20 08:55:10][Command][haddock_push] Running Haddock on library for effects-evaluate-0.1...
[2026-07-20 08:55:10][Command][haddock_push] Preprocessing library for effects-stm-0.1...
[2026-07-20 08:55:10][Command][haddock_push] Running Haddock on library for effects-stm-0.1...
[2026-07-20 08:55:10][Command][haddock_push] Preprocessing library for effects-optparse-0.1...
[2026-07-20 08:55:10][Command][haddock_push] Running Haddock on library for effects-optparse-0.1...
[2026-07-20 08:55:10][Command][haddock_push] Warning: The following packages have no Haddock documentation installed. No
[2026-07-20 08:55:10][Command][haddock_push] links will be generated to these packages: path-0.9.6
[2026-07-20 08:55:10][Command][haddock_push] Preprocessing library for effects-haskeline-0.1...
[2026-07-20 08:55:10][Command][haddock_push] Running Haddock on library for effects-haskeline-0.1...
[2026-07-20 08:55:10][Command][haddock_push] Preprocessing library for effects-http-client-0.1...
[2026-07-20 08:55:10][Command][haddock_push] Running Haddock on library for effects-http-client-0.1...
[2026-07-20 08:55:11][Command][haddock_push] [1 of 1] Compiling Effects.Concurrent.STM ( src/Effects/Concurrent/STM.hs, nothing )
[2026-07-20 08:55:11][Command][haddock_push] [1 of 1] Compiling Effects.System.Environment ( src/Effects/System/Environment.hs, nothing )
[2026-07-20 08:55:11][Command][haddock_push] [1 of 1] Compiling Effects.Evaluate ( src/Effects/Evaluate.hs, nothing )
[2026-07-20 08:55:11][Command][haddock_push] [1 of 1] Compiling Effects.Haskeline ( src/Effects/Haskeline.hs, nothing )
[2026-07-20 08:55:11][Command][haddock_push] [1 of 2] Compiling Effects.Optparse ( src/Effects/Optparse.hs, nothing )
[2026-07-20 08:55:12][Command][haddock_push] Preprocessing library for effects-process-0.1...
[2026-07-20 08:55:12][Command][haddock_push] Running Haddock on library for effects-process-0.1...
[2026-07-20 08:55:12][Command][haddock_push] [1 of 2] Compiling Effects.HTTP.Client.Internal ( src/Effects/HTTP/Client/Internal.hs, nothing )
[2026-07-20 08:55:12][Command][haddock_push] [2 of 2] Compiling Effects.Optparse.Completer ( src/Effects/Optparse/Completer.hs, nothing )
[2026-07-20 08:55:12][Command][haddock_push] [2 of 2] Compiling Effects.HTTP.Client ( src/Effects/HTTP/Client.hs, nothing )
[2026-07-20 08:55:13][Command][haddock_push] [1 of 1] Compiling Effects.System.Process ( src/Effects/System/Process.hs, nothing ) [HIE file is out of date]
[2026-07-20 08:55:18][Command][haddock_push] Preprocessing library for effects-ioref-0.1...
[2026-07-20 08:55:18][Command][haddock_push] Building library for effects-ioref-0.1...
[2026-07-20 08:55:19][Command][haddock_push] [1 of 1] Compiling Effects.IORef    ( src/Effects/IORef.hs, /home/tommy/Dev/tommy/github/monad-effects/dist-newstyle/build/x86_64-linux/ghc-9.12.3/effects-ioref-0.1/build/Effects/IORef.o, /home/tommy/Dev/tommy/github/monad-effects/dist-newstyle/build/x86_64-linux/ghc-9.12.3/effects-ioref-0.1/build/Effects/IORef.dyn_o ) [Flags changed]
[2026-07-20 08:55:22][Command][haddock_push] Preprocessing library for effects-ioref-0.1...
[2026-07-20 08:55:22][Command][haddock_push] Running Haddock on library for effects-ioref-0.1...
[2026-07-20 08:55:24][Command][haddock_push] [1 of 1] Compiling Effects.IORef    ( src/Effects/IORef.hs, nothing ) [HIE file is out of date]
[2026-07-20 08:55:33][Command][haddock_push] Haddock coverage:
[2026-07-20 08:55:33][Command][haddock_push]  100% (  3 /  3) in 'Effects.System.Environment'
[2026-07-20 08:55:33][Command][haddock_push] Haddock coverage:
[2026-07-20 08:55:33][Command][haddock_push] Warning: 'Evaluate' is out of scope.
[2026-07-20 08:55:33][Command][haddock_push]     If you qualify the identifier, haddock can try to link it anyway.
[2026-07-20 08:55:33][Command][haddock_push]  100% (  3 /  3) in 'Effects.Evaluate'
[2026-07-20 08:55:33][Command][haddock_push] Haddock coverage:
[2026-07-20 08:55:33][Command][haddock_push] Warning: 'STM' is ambiguous. It is defined
[2026-07-20 08:55:33][Command][haddock_push]     * in ‘GHC.Internal.Conc.Sync’
[2026-07-20 08:55:33][Command][haddock_push]     * in ‘GHC.Internal.Conc.Sync’
[2026-07-20 08:55:33][Command][haddock_push]     You may be able to disambiguate the identifier by qualifying it or
[2026-07-20 08:55:33][Command][haddock_push]     by specifying the type/value namespace explicitly.
[2026-07-20 08:55:33][Command][haddock_push]     Defaulting to the one defined in ‘GHC.Internal.Conc.Sync’
[2026-07-20 08:55:33][Command][haddock_push]  100% ( 52 / 52) in 'Effects.Concurrent.STM'
[2026-07-20 08:55:33][Command][haddock_push] Documentation created:
[2026-07-20 08:55:33][Command][haddock_push] /home/tommy/Dev/tommy/github/monad-effects/dist-newstyle/build/x86_64-linux/ghc-9.12.3/effects-env-0.1/doc/html/effects-env
[2026-07-20 08:55:33][Command][haddock_push] Documentation created:
[2026-07-20 08:55:33][Command][haddock_push] /home/tommy/Dev/tommy/github/monad-effects/dist-newstyle/build/x86_64-linux/ghc-9.12.3/effects-evaluate-0.1/doc/html/effects-evaluate
[2026-07-20 08:55:33][Command][haddock_push] Documentation created:
[2026-07-20 08:55:33][Command][haddock_push] /home/tommy/Dev/tommy/github/monad-effects/dist-newstyle/build/x86_64-linux/ghc-9.12.3/effects-stm-0.1/doc/html/effects-stm
[2026-07-20 08:55:35][Command][haddock_push] Preprocessing library for effects-thread-0.1...
[2026-07-20 08:55:35][Command][haddock_push] Building library for effects-thread-0.1...
[2026-07-20 08:55:35][Command][haddock_push] Preprocessing library for effects-time-0.1...
[2026-07-20 08:55:35][Command][haddock_push] Building library for effects-time-0.1...
[2026-07-20 08:55:35][Command][haddock_push] Preprocessing library for effects-terminal-0.1...
[2026-07-20 08:55:35][Command][haddock_push] Running Haddock on library for effects-terminal-0.1...
[2026-07-20 08:55:38][Command][haddock_push] [1 of 1] Compiling Effects.System.Terminal ( src/Effects/System/Terminal.hs, nothing )
[2026-07-20 08:55:40][Command][haddock_push] Preprocessing library for effects-thread-0.1...
[2026-07-20 08:55:40][Command][haddock_push] Running Haddock on library for effects-thread-0.1...
[2026-07-20 08:55:42][Command][haddock_push] Preprocessing library for effects-time-0.1...
[2026-07-20 08:55:42][Command][haddock_push] Running Haddock on library for effects-time-0.1...
[2026-07-20 08:55:42][Command][haddock_push] [1 of 1] Compiling Effects.Concurrent.Thread ( src/Effects/Concurrent/Thread.hs, nothing ) [HIE file is out of date]
[2026-07-20 08:55:46][Command][haddock_push] [1 of 1] Compiling Effects.Time     ( src/Effects/Time.hs, nothing ) [HIE file is out of date]
[2026-07-20 08:55:48][Command][haddock_push] Haddock coverage:
[2026-07-20 08:55:48][Command][haddock_push] Warning: 'runInputTWith' is out of scope.
[2026-07-20 08:55:48][Command][haddock_push]     If you qualify the identifier, haddock can try to link it anyway.
[2026-07-20 08:55:48][Command][haddock_push] Warning: 'runInputTDefault' is out of scope.
[2026-07-20 08:55:48][Command][haddock_push]     If you qualify the identifier, haddock can try to link it anyway.
[2026-07-20 08:55:48][Command][haddock_push]  100% ( 20 / 20) in 'Effects.Haskeline'
[2026-07-20 08:55:49][Command][haddock_push] Documentation created:
[2026-07-20 08:55:49][Command][haddock_push] /home/tommy/Dev/tommy/github/monad-effects/dist-newstyle/build/x86_64-linux/ghc-9.12.3/effects-haskeline-0.1/doc/html/effects-haskeline
[2026-07-20 08:55:51][Command][haddock_push] Preprocessing library for effects-typed-process-0.1...
[2026-07-20 08:55:51][Command][haddock_push] Running Haddock on library for effects-typed-process-0.1...
[2026-07-20 08:55:51][Command][haddock_push] Haddock coverage:
[2026-07-20 08:55:51][Command][haddock_push]   91% ( 33 / 36) in 'Effects.System.Process'
[2026-07-20 08:55:51][Command][haddock_push]   Missing documentation for:
[2026-07-20 08:55:51][Command][haddock_push]     CreateProcess
[2026-07-20 08:55:51][Command][haddock_push]     CmdSpec
[2026-07-20 08:55:51][Command][haddock_push]     StdStream
[2026-07-20 08:55:52][Command][haddock_push] Documentation created:
[2026-07-20 08:55:52][Command][haddock_push] /home/tommy/Dev/tommy/github/monad-effects/dist-newstyle/build/x86_64-linux/ghc-9.12.3/effects-process-0.1/doc/html/effects-process
[2026-07-20 08:55:54][Command][haddock_push] [1 of 1] Compiling Effects.Process.Typed ( src/Effects/Process/Typed.hs, nothing )
[2026-07-20 08:55:55][Command][haddock_push] Preprocessing library for effects-unix-0.1...
[2026-07-20 08:55:55][Command][haddock_push] Running Haddock on library for effects-unix-0.1...
[2026-07-20 08:55:55][Command][haddock_push] Warning: The following packages have no Haddock documentation installed. No
[2026-07-20 08:55:55][Command][haddock_push] links will be generated to these packages: path-0.9.6
[2026-07-20 08:55:59][Command][haddock_push] Haddock coverage:
[2026-07-20 08:55:59][Command][haddock_push]  100% (  8 /  8) in 'Effects.IORef'
[2026-07-20 08:55:59][Command][haddock_push] Documentation created:
[2026-07-20 08:55:59][Command][haddock_push] /home/tommy/Dev/tommy/github/monad-effects/dist-newstyle/build/x86_64-linux/ghc-9.12.3/effects-ioref-0.1/doc/html/effects-ioref
[2026-07-20 08:55:59][Command][haddock_push] [1 of 2] Compiling Effects.System.Posix.Files ( src/Effects/System/Posix/Files.hs, nothing )
[2026-07-20 08:56:01][Command][haddock_push] [2 of 2] Compiling Effects.System.Posix.Signals ( src/Effects/System/Posix/Signals.hs, nothing )
[2026-07-20 08:56:03][Command][haddock_push] Preprocessing library for effects-unix-compat-0.1...
[2026-07-20 08:56:03][Command][haddock_push] Running Haddock on library for effects-unix-compat-0.1...
[2026-07-20 08:56:03][Command][haddock_push] Warning: The following packages have no Haddock documentation installed. No
[2026-07-20 08:56:03][Command][haddock_push] links will be generated to these packages: path-0.9.6
[2026-07-20 08:56:06][Command][haddock_push] [1 of 1] Compiling Effects.System.PosixCompat.Files ( src/Effects/System/PosixCompat/Files.hs, nothing )
[2026-07-20 08:56:12][Command][haddock_push] Haddock coverage:
[2026-07-20 08:56:12][Command][haddock_push]  100% ( 10 / 10) in 'Effects.Optparse'
[2026-07-20 08:56:12][Command][haddock_push]  100% ( 14 / 14) in 'Effects.Optparse.Completer'
[2026-07-20 08:56:12][Command][haddock_push] Warning: Effects.Optparse: could not find link destinations for: 
[2026-07-20 08:56:12][Command][haddock_push] - System.OsString.Internal.Types.Rep_OsString
[2026-07-20 08:56:12][Command][haddock_push] Warning: Effects.Optparse.Completer: could not find link destinations for: 
[2026-07-20 08:56:12][Command][haddock_push] - Effects.Optparse.Completer.PathFilter
[2026-07-20 08:56:14][Command][haddock_push] Documentation created:
[2026-07-20 08:56:14][Command][haddock_push] /home/tommy/Dev/tommy/github/monad-effects/dist-newstyle/build/x86_64-linux/ghc-9.12.3/effects-optparse-0.1/doc/html/effects-optparse
[2026-07-20 08:56:16][Command][haddock_push] Haddock coverage:
[2026-07-20 08:56:16][Command][haddock_push]  100% ( 18 / 18) in 'Effects.Concurrent.Thread'
[2026-07-20 08:56:17][Command][haddock_push] Documentation created:
[2026-07-20 08:56:17][Command][haddock_push] /home/tommy/Dev/tommy/github/monad-effects/dist-newstyle/build/x86_64-linux/ghc-9.12.3/effects-thread-0.1/doc/html/effects-thread
[2026-07-20 08:56:17][Command][haddock_push] Preprocessing library for effects-notify-0.1...
[2026-07-20 08:56:17][Command][haddock_push] Running Haddock on library for effects-notify-0.1...
[2026-07-20 08:56:18][Command][haddock_push] Warning: The following packages have no Haddock documentation installed. No
[2026-07-20 08:56:18][Command][haddock_push] links will be generated to these packages: attoparsec-0.14.4
[2026-07-20 08:56:18][Command][haddock_push] Configuring library for effects-fs-0.1...
[2026-07-20 08:56:21][Command][haddock_push] Haddock coverage:
[2026-07-20 08:56:21][Command][haddock_push]   77% ( 14 / 18) in 'Effects.HTTP.Client'
[2026-07-20 08:56:21][Command][haddock_push]   Missing documentation for:
[2026-07-20 08:56:21][Command][haddock_push]     NetworkStatusE (src/Effects/HTTP/Client/Internal.hs:89)
[2026-07-20 08:56:21][Command][haddock_push]     NetworkReadBodyE (src/Effects/HTTP/Client/Internal.hs:103)
[2026-07-20 08:56:21][Command][haddock_push]     NetworkDecodeUtf8E (src/Effects/HTTP/Client/Internal.hs:115)
[2026-07-20 08:56:21][Command][haddock_push]     NetworkDecodeJsonE (src/Effects/HTTP/Client/Internal.hs:127)
[2026-07-20 08:56:22][Command][haddock_push] [ 1 of 15] Compiling Effects.Notify.Internal.Data.NotifyInitException ( src/Effects/Notify/Internal/Data/NotifyInitException.hs, nothing )
[2026-07-20 08:56:22][Command][haddock_push] [ 2 of 15] Compiling Effects.Notify.Internal.Data.NotifyTimeout ( src/Effects/Notify/Internal/Data/NotifyTimeout.hs, nothing )
[2026-07-20 08:56:23][Command][haddock_push] Documentation created:
[2026-07-20 08:56:23][Command][haddock_push] /home/tommy/Dev/tommy/github/monad-effects/dist-newstyle/build/x86_64-linux/ghc-9.12.3/effects-http-client-0.1/doc/html/effects-http-client
[2026-07-20 08:56:24][Command][haddock_push] [ 3 of 15] Compiling Effects.Notify.Internal.Data.NotifyUrgency ( src/Effects/Notify/Internal/Data/NotifyUrgency.hs, nothing )
[2026-07-20 08:56:24][Command][haddock_push] [ 4 of 15] Compiling Effects.Notify.Internal.Data.Note ( src/Effects/Notify/Internal/Data/Note.hs, nothing )
[2026-07-20 08:56:24][Command][haddock_push] Haddock coverage:
[2026-07-20 08:56:24][Command][haddock_push]  100% ( 17 / 17) in 'Effects.System.Terminal'
[2026-07-20 08:56:24][Command][haddock_push] Warning: Effects.System.Terminal: could not find link destinations for: 
[2026-07-20 08:56:24][Command][haddock_push] - System.Console.Terminal.Common.Rep1_Window
[2026-07-20 08:56:24][Command][haddock_push] - System.Console.Terminal.Common.Rep_Window
[2026-07-20 08:56:25][Command][haddock_push] [ 5 of 15] Compiling Effects.Notify.Internal.Os ( src/Effects/Notify/Internal/Os.hs, nothing )
[2026-07-20 08:56:25][Command][haddock_push] [ 6 of 15] Compiling Effects.Notify.Internal.Data.NotifySystem ( src/Effects/Notify/Internal/Data/NotifySystem.hs, nothing )
[2026-07-20 08:56:25][Command][haddock_push] Documentation created:
[2026-07-20 08:56:25][Command][haddock_push] /home/tommy/Dev/tommy/github/monad-effects/dist-newstyle/build/x86_64-linux/ghc-9.12.3/effects-terminal-0.1/doc/html/effects-terminal
[2026-07-20 08:56:26][Command][haddock_push] Preprocessing library for effects-async-0.1...
[2026-07-20 08:56:26][Command][haddock_push] Running Haddock on library for effects-async-0.1...
[2026-07-20 08:56:27][Command][haddock_push] [ 7 of 15] Compiling Effects.Notify.Internal.Data.NotifyException ( src/Effects/Notify/Internal/Data/NotifyException.hs, nothing )
[2026-07-20 08:56:27][Command][haddock_push] [ 8 of 15] Compiling Effects.Notify.Internal.Data.NotifyEnv ( src/Effects/Notify/Internal/Data/NotifyEnv.hs, nothing )
[2026-07-20 08:56:28][Command][haddock_push] [1 of 1] Compiling Effects.Concurrent.Async ( src/Effects/Concurrent/Async.hs, nothing )
[2026-07-20 08:56:29][Command][haddock_push] [ 9 of 15] Compiling Effects.Notify.Internal.Utils ( src/Effects/Notify/Internal/Utils.hs, nothing )
[2026-07-20 08:56:30][Command][haddock_push] [10 of 15] Compiling Effects.Notify.Internal.System.NotifySend ( src/Effects/Notify/Internal/System/NotifySend.hs, nothing )
[2026-07-20 08:56:30][Command][haddock_push] [11 of 15] Compiling Effects.Notify.Internal.System.DBus ( src/Effects/Notify/Internal/System/DBus.hs, nothing )
[2026-07-20 08:56:30][Command][haddock_push] [12 of 15] Compiling Effects.Notify.Internal.Os.Linux ( src/Effects/Notify/Internal/Os/Linux.hs, nothing )
[2026-07-20 08:56:30][Command][haddock_push] [13 of 15] Compiling Effects.Notify   ( src/Effects/Notify.hs, nothing )
[2026-07-20 08:56:30][Command][haddock_push] [14 of 15] Compiling Effects.Notify.System.DBus ( src/Effects/Notify/System/DBus.hs, nothing )
[2026-07-20 08:56:30][Command][haddock_push] [15 of 15] Compiling Effects.Notify.System.NotifySend ( src/Effects/Notify/System/NotifySend.hs, nothing )
[2026-07-20 08:56:37][Command][haddock_push] Preprocessing library for effects-fs-0.1...
[2026-07-20 08:56:37][Command][haddock_push] Running Haddock on library for effects-fs-0.1...
[2026-07-20 08:56:37][Command][haddock_push] Warning: The following packages have no Haddock documentation installed. No
[2026-07-20 08:56:37][Command][haddock_push] links will be generated to these packages: path-0.9.6
[2026-07-20 08:56:41][Command][haddock_push] [1 of 9] Compiling Effects.FileSystem.FileReader ( src/Effects/FileSystem/FileReader.hs, nothing )
[2026-07-20 08:56:43][Command][haddock_push] [2 of 9] Compiling Effects.FileSystem.FileWriter ( src/Effects/FileSystem/FileWriter.hs, nothing )
[2026-07-20 08:56:43][Command][haddock_push] [3 of 9] Compiling Effects.FileSystem.Handle.Internal ( src/Effects/FileSystem/Handle/Internal.hs, nothing )
[2026-07-20 08:56:43][Command][haddock_push] [4 of 9] Compiling Effects.FileSystem.Handle ( src/Effects/FileSystem/Handle.hs, nothing )
[2026-07-20 08:56:43][Command][haddock_push] [5 of 9] Compiling Effects.FileSystem.HandleReader ( src/Effects/FileSystem/HandleReader.hs, nothing )
[2026-07-20 08:56:44][Command][haddock_push] [6 of 9] Compiling Effects.FileSystem.HandleWriter ( src/Effects/FileSystem/HandleWriter.hs, nothing )
[2026-07-20 08:56:44][Command][haddock_push] [7 of 9] Compiling Effects.FileSystem.HandleRW ( src/Effects/FileSystem/HandleRW.hs, nothing )
[2026-07-20 08:56:44][Command][haddock_push] [8 of 9] Compiling Effects.FileSystem.PathReader ( src/Effects/FileSystem/PathReader.hs, nothing )
[2026-07-20 08:56:45][Command][haddock_push] [9 of 9] Compiling Effects.FileSystem.PathWriter ( src/Effects/FileSystem/PathWriter.hs, nothing )
[2026-07-20 08:56:50][Command][haddock_push] Haddock coverage:
[2026-07-20 08:56:50][Command][haddock_push] Warning: 'LocalTime' is ambiguous. It is defined
[2026-07-20 08:56:50][Command][haddock_push]     * in ‘Data.Time.LocalTime.Internal.LocalTime’
[2026-07-20 08:56:50][Command][haddock_push]     * in ‘Data.Time.LocalTime.Internal.LocalTime’
[2026-07-20 08:56:50][Command][haddock_push]     You may be able to disambiguate the identifier by qualifying it or
[2026-07-20 08:56:50][Command][haddock_push]     by specifying the type/value namespace explicitly.
[2026-07-20 08:56:50][Command][haddock_push]     Defaulting to the one defined in ‘Data.Time.LocalTime.Internal.LocalTime’
[2026-07-20 08:56:50][Command][haddock_push] Warning: 'ZonedTime' is ambiguous. It is defined
[2026-07-20 08:56:50][Command][haddock_push]     * in ‘Data.Time.LocalTime.Internal.ZonedTime’
[2026-07-20 08:56:50][Command][haddock_push]     * in ‘Data.Time.LocalTime.Internal.ZonedTime’
[2026-07-20 08:56:50][Command][haddock_push]     You may be able to disambiguate the identifier by qualifying it or
[2026-07-20 08:56:50][Command][haddock_push]     by specifying the type/value namespace explicitly.
[2026-07-20 08:56:50][Command][haddock_push]     Defaulting to the one defined in ‘Data.Time.LocalTime.Internal.ZonedTime’
[2026-07-20 08:56:50][Command][haddock_push]   97% ( 44 / 45) in 'Effects.Time'
[2026-07-20 08:56:50][Command][haddock_push]   Missing documentation for:
[2026-07-20 08:56:50][Command][haddock_push]     TZ
[2026-07-20 08:56:50][Command][haddock_push] Warning: Effects.Time: could not find link destinations for: 
[2026-07-20 08:56:50][Command][haddock_push] - Effects.Time.Rep_TimeSpec
[2026-07-20 08:56:50][Command][haddock_push] - Data.Time.LocalTime.Internal.LocalTime.Rep_LocalTime
[2026-07-20 08:56:50][Command][haddock_push] - Data.Time.LocalTime.Internal.ZonedTime.Rep_ZonedTime
[2026-07-20 08:56:50][Command][haddock_push] - Data.Time.Clock.Internal.UTCTime.Rep_UTCTime
[2026-07-20 08:56:50][Command][haddock_push] - Data.Time.LocalTime.Internal.TimeZone.Rep_TimeZone
[2026-07-20 08:56:51][Command][haddock_push] Documentation created:
[2026-07-20 08:56:51][Command][haddock_push] /home/tommy/Dev/tommy/github/monad-effects/dist-newstyle/build/x86_64-linux/ghc-9.12.3/effects-time-0.1/doc/html/effects-time
[2026-07-20 08:56:53][Command][haddock_push] Preprocessing library for effects-logger-0.1...
[2026-07-20 08:56:53][Command][haddock_push] Running Haddock on library for effects-logger-0.1...
[2026-07-20 08:56:53][Command][haddock_push] Warning: The following packages have no Haddock documentation installed. No
[2026-07-20 08:56:53][Command][haddock_push] links will be generated to these packages: attoparsec-0.14.4
[2026-07-20 08:56:56][Command][haddock_push] Haddock coverage:
[2026-07-20 08:56:56][Command][haddock_push]   98% ( 79 / 80) in 'Effects.Process.Typed'
[2026-07-20 08:56:56][Command][haddock_push]   Missing documentation for:
[2026-07-20 08:56:56][Command][haddock_push]     StdStream
[2026-07-20 08:56:56][Command][haddock_push] Warning: Effects.Process.Typed: could not find link destinations for: 
[2026-07-20 08:56:56][Command][haddock_push] - GHC.Internal.IO.Exception.Rep_ExitCode
[2026-07-20 08:56:56][Command][haddock_push] [1 of 3] Compiling Effects.Logger.Utils ( src/Effects/Logger/Utils.hs, /tmp/nix-shell-3138935-104760970/ghc3143407_tmp_0/ghc_tmp_4.o, /tmp/nix-shell-3138935-104760970/ghc3143407_tmp_0/ghc_tmp_4.dyn_o )
[2026-07-20 08:56:57][Command][haddock_push] Documentation created:
[2026-07-20 08:56:57][Command][haddock_push] /home/tommy/Dev/tommy/github/monad-effects/dist-newstyle/build/x86_64-linux/ghc-9.12.3/effects-typed-process-0.1/doc/html/effects-typed-process
[2026-07-20 08:57:02][Command][haddock_push] [2 of 3] Compiling Effects.Logger.Namespace ( src/Effects/Logger/Namespace.hs, nothing )
[2026-07-20 08:57:03][Command][haddock_push] [3 of 3] Compiling Effects.Logger   ( src/Effects/Logger.hs, nothing )
[2026-07-20 08:57:05][Command][haddock_push] Haddock coverage:
[2026-07-20 08:57:05][Command][haddock_push] Warning: 'IOException' is out of scope.
[2026-07-20 08:57:05][Command][haddock_push]     If you qualify the identifier, haddock can try to link it anyway.
[2026-07-20 08:57:05][Command][haddock_push]  100% ( 10 / 10) in 'Effects.System.Posix.Files'
[2026-07-20 08:57:05][Command][haddock_push]   38% (  5 / 13) in 'Effects.System.Posix.Signals'
[2026-07-20 08:57:05][Command][haddock_push]   Missing documentation for:
[2026-07-20 08:57:05][Command][haddock_push]     Module header
[2026-07-20 08:57:05][Command][haddock_push]     mapHandler (src/Effects/System/Posix/Signals.hs:172)
[2026-07-20 08:57:05][Command][haddock_push]     handlerToPosix (src/Effects/System/Posix/Signals.hs:181)
[2026-07-20 08:57:05][Command][haddock_push]     handlerFromPosix (src/Effects/System/Posix/Signals.hs:190)
[2026-07-20 08:57:05][Command][haddock_push]     Signal
[2026-07-20 08:57:05][Command][haddock_push]     SignalSet
[2026-07-20 08:57:05][Command][haddock_push]     ProcessID
[2026-07-20 08:57:05][Command][haddock_push]     ProcessGroupID
[2026-07-20 08:57:05][Command][haddock_push] Warning: Effects.System.Posix.Files: could not find link destinations for: 
[2026-07-20 08:57:05][Command][haddock_push] - FileSystem.PathType.Rep_PathType
[2026-07-20 08:57:07][Command][haddock_push] Documentation created:
[2026-07-20 08:57:07][Command][haddock_push] /home/tommy/Dev/tommy/github/monad-effects/dist-newstyle/build/x86_64-linux/ghc-9.12.3/effects-unix-0.1/doc/html/effects-unix
[2026-07-20 08:57:09][Command][haddock_push] Haddock coverage:
[2026-07-20 08:57:09][Command][haddock_push] Warning: 'IOException' is out of scope.
[2026-07-20 08:57:09][Command][haddock_push]     If you qualify the identifier, haddock can try to link it anyway.
[2026-07-20 08:57:09][Command][haddock_push]  100% ( 10 / 10) in 'Effects.System.PosixCompat.Files'
[2026-07-20 08:57:09][Command][haddock_push] Warning: Effects.System.PosixCompat.Files: could not find link destinations for: 
[2026-07-20 08:57:09][Command][haddock_push] - FileSystem.PathType.Rep_PathType
[2026-07-20 08:57:10][Command][haddock_push] Documentation created:
[2026-07-20 08:57:10][Command][haddock_push] /home/tommy/Dev/tommy/github/monad-effects/dist-newstyle/build/x86_64-linux/ghc-9.12.3/effects-unix-compat-0.1/doc/html/effects-unix-compat
[2026-07-20 08:57:20][Command][haddock_push] Haddock coverage:
[2026-07-20 08:57:20][Command][haddock_push]   98% ( 94 / 95) in 'Effects.Concurrent.Async'
[2026-07-20 08:57:20][Command][haddock_push]   Missing documentation for:
[2026-07-20 08:57:20][Command][haddock_push]     ExceptionInLinkedThread
[2026-07-20 08:57:20][Command][haddock_push] Warning: Effects.Concurrent.Async: could not find link destinations for: 
[2026-07-20 08:57:20][Command][haddock_push] - Numeric.Data.Positive.Internal.Rep_Positive
[2026-07-20 08:57:21][Command][haddock_push] Documentation created:
[2026-07-20 08:57:21][Command][haddock_push] /home/tommy/Dev/tommy/github/monad-effects/dist-newstyle/build/x86_64-linux/ghc-9.12.3/effects-async-0.1/doc/html/effects-async
[2026-07-20 08:57:34][Command][haddock_push] Haddock coverage:
[2026-07-20 08:57:34][Command][haddock_push]  100% ( 15 / 15) in 'Effects.FileSystem.FileReader'
[2026-07-20 08:57:34][Command][haddock_push]  100% ( 11 / 11) in 'Effects.FileSystem.FileWriter'
[2026-07-20 08:57:34][Command][haddock_push] Warning: 'withSharedLockedFile' is out of scope.
[2026-07-20 08:57:34][Command][haddock_push]     If you qualify the identifier, haddock can try to link it anyway.
[2026-07-20 08:57:34][Command][haddock_push]  100% ( 28 / 28) in 'Effects.FileSystem.Handle'
[2026-07-20 08:57:34][Command][haddock_push] Warning: 'withSharedLockedFile' is out of scope.
[2026-07-20 08:57:34][Command][haddock_push]     If you qualify the identifier, haddock can try to link it anyway.
[2026-07-20 08:57:34][Command][haddock_push]  100% ( 44 / 44) in 'Effects.FileSystem.HandleReader'
[2026-07-20 08:57:34][Command][haddock_push] Warning: 'withSharedLockedFile' is out of scope.
[2026-07-20 08:57:34][Command][haddock_push]     If you qualify the identifier, haddock can try to link it anyway.
[2026-07-20 08:57:34][Command][haddock_push]  100% ( 30 / 30) in 'Effects.FileSystem.HandleWriter'
[2026-07-20 08:57:34][Command][haddock_push]  100% (  8 /  8) in 'Effects.FileSystem.HandleRW'
[2026-07-20 08:57:34][Command][haddock_push] Warning: 'IOException' is out of scope.
[2026-07-20 08:57:34][Command][haddock_push]     If you qualify the identifier, haddock can try to link it anyway.
[2026-07-20 08:57:34][Command][haddock_push]   97% ( 33 / 34) in 'Effects.FileSystem.PathReader'
[2026-07-20 08:57:34][Command][haddock_push]   Missing documentation for:
[2026-07-20 08:57:34][Command][haddock_push]     Permissions
[2026-07-20 08:57:34][Command][haddock_push]   97% ( 38 / 39) in 'Effects.FileSystem.PathWriter'
[2026-07-20 08:57:34][Command][haddock_push]   Missing documentation for:
[2026-07-20 08:57:34][Command][haddock_push]     Permissions
[2026-07-20 08:57:34][Command][haddock_push] Warning: Effects.FileSystem.PathReader: could not find link destinations for: 
[2026-07-20 08:57:34][Command][haddock_push] - FileSystem.PathType.Rep_PathType
[2026-07-20 08:57:34][Command][haddock_push] - Data.Time.Clock.Internal.UTCTime.Rep_UTCTime
[2026-07-20 08:57:34][Command][haddock_push] Warning: Effects.FileSystem.PathWriter: could not find link destinations for: 
[2026-07-20 08:57:34][Command][haddock_push] - Data.Time.Clock.Internal.UTCTime.Rep_UTCTime
[2026-07-20 08:57:34][Command][haddock_push] - Effects.FileSystem.PathWriter.Rep_CopyDirConfig
[2026-07-20 08:57:34][Command][haddock_push] - Effects.FileSystem.PathWriter.Rep_TargetName
[2026-07-20 08:57:34][Command][haddock_push] - Effects.FileSystem.PathWriter.Rep_Overwrite
[2026-07-20 08:57:35][Command][haddock_push] Documentation created:
[2026-07-20 08:57:35][Command][haddock_push] /home/tommy/Dev/tommy/github/monad-effects/dist-newstyle/build/x86_64-linux/ghc-9.12.3/effects-fs-0.1/doc/html/effects-fs
[2026-07-20 08:57:36][Command][haddock_push] Haddock coverage:
[2026-07-20 08:57:36][Command][haddock_push]  100% ( 48 / 48) in 'Effects.Notify'
[2026-07-20 08:57:36][Command][haddock_push]   60% (  6 / 10) in 'Effects.Notify.System.DBus'
[2026-07-20 08:57:36][Command][haddock_push]   Missing documentation for:
[2026-07-20 08:57:36][Command][haddock_push]     ClientError
[2026-07-20 08:57:36][Command][haddock_push]     clientError
[2026-07-20 08:57:36][Command][haddock_push]     clientErrorMessage
[2026-07-20 08:57:36][Command][haddock_push]     clientErrorFatal
[2026-07-20 08:57:36][Command][haddock_push]  100% (  3 /  3) in 'Effects.Notify.System.NotifySend'
[2026-07-20 08:57:36][Command][haddock_push] Warning: Effects.Notify: could not find link destinations for: 
[2026-07-20 08:57:36][Command][haddock_push] - Effects.Notify.Internal.Data.NotifyTimeout.Rep_NotifyTimeout
[2026-07-20 08:57:36][Command][haddock_push] - Effects.Notify.Internal.Data.NotifyUrgency.Rep_NotifyUrgency
[2026-07-20 08:57:36][Command][haddock_push] - Effects.Notify.Internal.Data.Note.Rep_Note
[2026-07-20 08:57:36][Command][haddock_push] - Effects.Notify.Internal.Data.NotifySystem.Rep_NotifySystemOs
[2026-07-20 08:57:36][Command][haddock_push] - Effects.Notify.Internal.Data.NotifySystem.Rep_NotifySystem
[2026-07-20 08:57:38][Command][haddock_push] Documentation created:
[2026-07-20 08:57:38][Command][haddock_push] /home/tommy/Dev/tommy/github/monad-effects/dist-newstyle/build/x86_64-linux/ghc-9.12.3/effects-notify-0.1/doc/html/effects-notify
[2026-07-20 08:57:43][Command][haddock_push] Haddock coverage:
[2026-07-20 08:57:43][Command][haddock_push]  100% ( 12 / 12) in 'Effects.Logger.Utils'
[2026-07-20 08:57:43][Command][haddock_push]  100% ( 21 / 21) in 'Effects.Logger.Namespace'
[2026-07-20 08:57:43][Command][haddock_push]   97% ( 35 / 36) in 'Effects.Logger'
[2026-07-20 08:57:43][Command][haddock_push]   Missing documentation for:
[2026-07-20 08:57:43][Command][haddock_push]     LogLevel
[2026-07-20 08:57:43][Command][haddock_push] Warning: Effects.Logger.Utils: could not find link destinations for: 
[2026-07-20 08:57:43][Command][haddock_push] - Effects.Logger.Utils.Rep_LogFormatter
[2026-07-20 08:57:43][Command][haddock_push] - Effects.Logger.Utils.Rep_LocStrategy
[2026-07-20 08:57:43][Command][haddock_push] - Effects.Logger.Utils.Rep_Namespace
[2026-07-20 08:57:43][Command][haddock_push] Warning: Effects.Logger.Namespace: could not find link destinations for: 
[2026-07-20 08:57:43][Command][haddock_push] - Effects.Logger.Utils.Rep_LogFormatter
[2026-07-20 08:57:43][Command][haddock_push] - Effects.Logger.Utils.Rep_LocStrategy
[2026-07-20 08:57:43][Command][haddock_push] - Effects.Logger.Utils.Rep_Namespace
[2026-07-20 08:57:43][Command][haddock_push] Warning: Effects.Logger: could not find link destinations for: 
[2026-07-20 08:57:43][Command][haddock_push] - GHC.Internal.TH.Syntax.Rep_Loc
[2026-07-20 08:57:43][Command][haddock_push] - Effects.Logger.Utils.Rep_LogFormatter
[2026-07-20 08:57:43][Command][haddock_push] - Effects.Logger.Utils.Rep_LocStrategy
[2026-07-20 08:57:44][Command][haddock_push] Documentation created:
[2026-07-20 08:57:44][Command][haddock_push] /home/tommy/Dev/tommy/github/monad-effects/dist-newstyle/build/x86_64-linux/ghc-9.12.3/effects-logger-0.1/doc/html/effects-logger
